0 info it worked if it ends with ok
1 verbose cli [ '/usr/local/bin/node', '/usr/local/bin/npm', 'install' ]
2 info using npm@1.4.28
3 info using node@v0.10.33
4 verbose readDependencies using package.json deps
5 verbose install where, deps [ '/home/zz/Cours/PW/MultiChat',
5 verbose install   [ 'node-static', 'socket.io', 'express', 'mongodb' ] ]
6 info preinstall multichat@0.0.1
7 verbose readDependencies using package.json deps
8 verbose already installed skipping node-static@~0.7.1 /home/zz/Cours/PW/MultiChat
9 verbose cache add [ 'socket.io@~1.1.13', null ]
10 verbose cache add name=undefined spec="socket.io@~1.1.13" args=["socket.io@~1.1.13",null]
11 verbose parsed url { protocol: null,
11 verbose parsed url   slashes: null,
11 verbose parsed url   auth: null,
11 verbose parsed url   host: null,
11 verbose parsed url   port: null,
11 verbose parsed url   hostname: null,
11 verbose parsed url   hash: null,
11 verbose parsed url   search: null,
11 verbose parsed url   query: null,
11 verbose parsed url   pathname: 'socket.io@~1.1.13',
11 verbose parsed url   path: 'socket.io@~1.1.13',
11 verbose parsed url   href: 'socket.io@~1.1.13' }
12 verbose already installed skipping express@~3.4.8 /home/zz/Cours/PW/MultiChat
13 verbose already installed skipping mongodb@~2.0 /home/zz/Cours/PW/MultiChat
14 verbose cache add name="socket.io" spec="~1.1.13" args=["socket.io","~1.1.13"]
15 verbose parsed url { protocol: null,
15 verbose parsed url   slashes: null,
15 verbose parsed url   auth: null,
15 verbose parsed url   host: null,
15 verbose parsed url   port: null,
15 verbose parsed url   hostname: null,
15 verbose parsed url   hash: null,
15 verbose parsed url   search: null,
15 verbose parsed url   query: null,
15 verbose parsed url   pathname: '~1.1.13',
15 verbose parsed url   path: '~1.1.13',
15 verbose parsed url   href: '~1.1.13' }
16 verbose addNamed [ 'socket.io', '~1.1.13' ]
17 verbose addNamed [ null, '>=1.1.13-0 <1.2.0-0' ]
18 silly lockFile a9853ad7-socket-io-1-1-13 socket.io@~1.1.13
19 verbose lock socket.io@~1.1.13 /home/zz/.npm/a9853ad7-socket-io-1-1-13.lock
20 silly addNameRange { name: 'socket.io',
20 silly addNameRange   range: '>=1.1.13-0 <1.2.0-0',
20 silly addNameRange   hasData: false }
21 verbose request where is /socket.io
22 verbose request registry https://registry.npmjs.org/
23 verbose request id ea8614b746caffa5
24 verbose url raw /socket.io
25 verbose url resolving [ 'https://registry.npmjs.org/', './socket.io' ]
26 verbose url resolved https://registry.npmjs.org/socket.io
27 verbose request where is https://registry.npmjs.org/socket.io
28 info trying registry request attempt 1 at 14:46:17
29 verbose etag "AS33UYYYAXF1YOR6QNBDSZ4WN"
30 http GET https://registry.npmjs.org/socket.io
31 http 304 https://registry.npmjs.org/socket.io
32 silly registry.get cb [ 304,
32 silly registry.get   { date: 'Thu, 05 Feb 2015 13:46:17 GMT',
32 silly registry.get     server: 'Apache',
32 silly registry.get     via: '1.1 varnish',
32 silly registry.get     'last-modified': 'Thu, 05 Feb 2015 13:46:17 GMT',
32 silly registry.get     'cache-control': 'max-age=60',
32 silly registry.get     etag: '"AS33UYYYAXF1YOR6QNBDSZ4WN"',
32 silly registry.get     age: '8',
32 silly registry.get     'x-served-by': 'cache-fra1229-FRA',
32 silly registry.get     'x-cache': 'HIT',
32 silly registry.get     'x-cache-hits': '1',
32 silly registry.get     'x-timer': 'S1423143977.321280,VS0,VE0',
32 silly registry.get     vary: 'Accept',
32 silly registry.get     'content-length': '0',
32 silly registry.get     'keep-alive': 'timeout=10, max=50',
32 silly registry.get     connection: 'Keep-Alive' } ]
33 verbose etag https://registry.npmjs.org/socket.io from cache
34 silly addNameRange number 2 { name: 'socket.io',
34 silly addNameRange   range: '>=1.1.13-0 <1.2.0-0',
34 silly addNameRange   hasData: true }
35 silly addNameRange versions [ 'socket.io',
35 silly addNameRange   [ '0.3.8',
35 silly addNameRange     '0.4.0',
35 silly addNameRange     '0.4.1',
35 silly addNameRange     '0.5.1',
35 silly addNameRange     '0.5.3',
35 silly addNameRange     '0.6.0',
35 silly addNameRange     '0.6.1',
35 silly addNameRange     '0.6.3',
35 silly addNameRange     '0.6.4',
35 silly addNameRange     '0.6.5',
35 silly addNameRange     '0.6.6',
35 silly addNameRange     '0.6.7',
35 silly addNameRange     '0.6.8',
35 silly addNameRange     '0.6.9',
35 silly addNameRange     '0.6.10',
35 silly addNameRange     '0.6.11',
35 silly addNameRange     '0.6.12',
35 silly addNameRange     '0.6.14',
35 silly addNameRange     '0.6.15',
35 silly addNameRange     '0.6.16',
35 silly addNameRange     '0.6.17',
35 silly addNameRange     '0.6.18',
35 silly addNameRange     '0.7.0',
35 silly addNameRange     '0.7.1',
35 silly addNameRange     '0.7.2',
35 silly addNameRange     '0.7.3',
35 silly addNameRange     '0.7.4',
35 silly addNameRange     '0.7.5',
35 silly addNameRange     '0.7.6',
35 silly addNameRange     '0.7.7',
35 silly addNameRange     '0.7.8',
35 silly addNameRange     '0.7.9',
35 silly addNameRange     '0.7.10',
35 silly addNameRange     '0.7.11',
35 silly addNameRange     '0.8.0',
35 silly addNameRange     '0.8.1',
35 silly addNameRange     '0.8.2',
35 silly addNameRange     '0.8.3',
35 silly addNameRange     '0.8.4',
35 silly addNameRange     '0.8.5',
35 silly addNameRange     '0.8.6',
35 silly addNameRange     '0.8.7',
35 silly addNameRange     '0.9.0',
35 silly addNameRange     '0.9.1',
35 silly addNameRange     '0.9.1-1',
35 silly addNameRange     '0.9.2',
35 silly addNameRange     '0.9.3',
35 silly addNameRange     '0.9.4',
35 silly addNameRange     '0.9.5',
35 silly addNameRange     '0.9.6',
35 silly addNameRange     '0.9.7',
35 silly addNameRange     '0.9.8',
35 silly addNameRange     '0.9.9',
35 silly addNameRange     '0.9.10',
35 silly addNameRange     '0.9.11',
35 silly addNameRange     '0.9.12',
35 silly addNameRange     '0.9.13',
35 silly addNameRange     '0.9.14',
35 silly addNameRange     '0.9.15',
35 silly addNameRange     '0.9.16',
35 silly addNameRange     '1.0.0-pre',
35 silly addNameRange     '1.0.0-pre2',
35 silly addNameRange     '1.0.0-pre3',
35 silly addNameRange     '1.0.0-pre4',
35 silly addNameRange     '1.0.0-pre5',
35 silly addNameRange     '0.9.17',
35 silly addNameRange     '1.0.0',
35 silly addNameRange     '1.0.1',
35 silly addNameRange     '1.0.2',
35 silly addNameRange     '1.0.3',
35 silly addNameRange     '1.0.4',
35 silly addNameRange     '1.0.5',
35 silly addNameRange     '1.0.6',
35 silly addNameRange     '1.1.0',
35 silly addNameRange     '1.2.0',
35 silly addNameRange     '1.2.1',
35 silly addNameRange     '1.3.0',
35 silly addNameRange     '1.3.1',
35 silly addNameRange     '1.3.2',
35 silly addNameRange     '1.3.3' ] ]
36 silly lockFile a9853ad7-socket-io-1-1-13 socket.io@~1.1.13
37 silly lockFile a9853ad7-socket-io-1-1-13 socket.io@~1.1.13
38 error notarget No compatible version found: socket.io@'>=1.1.13-0 <1.2.0-0'
38 error notarget Valid install targets:
38 error notarget ["0.3.8","0.4.0","0.4.1","0.5.1","0.5.3","0.6.0","0.6.1","0.6.3","0.6.4","0.6.5","0.6.6","0.6.7","0.6.8","0.6.9","0.6.10","0.6.11","0.6.12","0.6.14","0.6.15","0.6.16","0.6.17","0.6.18","0.7.0","0.7.1","0.7.2","0.7.3","0.7.4","0.7.5","0.7.6","0.7.7","0.7.8","0.7.9","0.7.10","0.7.11","0.8.0","0.8.1","0.8.2","0.8.3","0.8.4","0.8.5","0.8.6","0.8.7","0.9.0","0.9.1","0.9.1-1","0.9.2","0.9.3","0.9.4","0.9.5","0.9.6","0.9.7","0.9.8","0.9.9","0.9.10","0.9.11","0.9.12","0.9.13","0.9.14","0.9.15","0.9.16","1.0.0-pre","1.0.0-pre2","1.0.0-pre3","1.0.0-pre4","1.0.0-pre5","0.9.17","1.0.0","1.0.1","1.0.2","1.0.3","1.0.4","1.0.5","1.0.6","1.1.0","1.2.0","1.2.1","1.3.0","1.3.1","1.3.2","1.3.3"]
38 error notarget
38 error notarget This is most likely not a problem with npm itself.
38 error notarget In most cases you or one of your dependencies are requesting
38 error notarget a package version that doesn't exist.
39 error System Linux 3.13.0-37-generic
40 error command "/usr/local/bin/node" "/usr/local/bin/npm" "install"
41 error cwd /home/zz/Cours/PW/MultiChat
42 error node -v v0.10.33
43 error npm -v 1.4.28
44 error code ETARGET
45 verbose exit [ 1, true ]
